<?xml version="1.0" encoding="UTF-8"?>
<!-- Generated by org.testng.reporters.JUnitReportReporter -->
<testsuite skipped="0" hostname="LAPTOP-O7MG0NNP" name="com.crm.qa.testcases.LoginPageTest" tests="3" failures="0" timestamp="28 Mar 2020 17:45:46 GMT" time="48.473" errors="0">
  <testcase name="titleTest" time="13.925" classname="com.crm.qa.testcases.LoginPageTest"/>
  <testcase name="loginTest" time="20.345" classname="com.crm.qa.testcases.LoginPageTest"/>
  <testcase name="labelTest" time="14.203" classname="com.crm.qa.testcases.LoginPageTest"/>
</testsuite> <!-- com.crm.qa.testcases.LoginPageTest -->
