<?xml version="1.0" encoding="UTF-8"?>
<!-- Generated by org.testng.reporters.JUnitReportReporter -->
<testsuite skipped="0" hostname="LAPTOP-O7MG0NNP" name="com.crm.qa.testcases.HomePageTest" tests="4" failures="0" timestamp="30 Mar 2020 16:16:07 GMT" time="101.112" errors="0">
  <testcase name="navContactPage" time="33.835" classname="com.crm.qa.testcases.HomePageTest"/>
  <testcase name="verifyHomePage" time="20.426" classname="com.crm.qa.testcases.HomePageTest"/>
  <testcase name="verifyUserName" time="23.879" classname="com.crm.qa.testcases.HomePageTest"/>
  <testcase name="navCalendarPage" time="22.972" classname="com.crm.qa.testcases.HomePageTest"/>
</testsuite> <!-- com.crm.qa.testcases.HomePageTest -->
