<?xml version="1.0" encoding="UTF-8"?>
<!-- Generated by org.testng.reporters.JUnitReportReporter -->
<testsuite skipped="0" hostname="LAPTOP-O7MG0NNP" name="com.crm.qa.testcases.LoginPageTest" tests="3" failures="0" timestamp="02 Apr 2020 06:52:29 GMT" time="49.736" errors="0">
  <testcase name="titleTest" time="14.030" classname="com.crm.qa.testcases.LoginPageTest"/>
  <testcase name="loginTest" time="20.384" classname="com.crm.qa.testcases.LoginPageTest"/>
  <testcase name="labelTest" time="15.322" classname="com.crm.qa.testcases.LoginPageTest"/>
</testsuite> <!-- com.crm.qa.testcases.LoginPageTest -->
