<?xml version="1.0" encoding="UTF-8"?>
<!-- Generated by org.testng.reporters.JUnitReportReporter -->
<testsuite skipped="0" hostname="LAPTOP-O7MG0NNP" name="com.crm.qa.testcases.HomePageTest" tests="4" failures="0" timestamp="02 Apr 2020 06:52:29 GMT" time="91.683" errors="0">
  <testcase name="navCalendarPage" time="24.243" classname="com.crm.qa.testcases.HomePageTest"/>
  <testcase name="navContactPage" time="24.404" classname="com.crm.qa.testcases.HomePageTest"/>
  <testcase name="verifyUserName" time="22.107" classname="com.crm.qa.testcases.HomePageTest"/>
  <testcase name="verifyHomePage" time="20.929" classname="com.crm.qa.testcases.HomePageTest"/>
</testsuite> <!-- com.crm.qa.testcases.HomePageTest -->
